app/build/intermediates/manifest_merge_blame_file/debug/manifest-merger-blame-debug-report.txt
1<?xml version="1.0" encoding="utf-8"?>
2<manifest xmlns:android="http://schemas.android.com/apk/res/android"
3    package="com.example.recycleviewpilot2"
4    android:versionCode="1"
5    android:versionName="1.0" >
6
7    <uses-sdk
8        android:minSdkVersion="33"
8-->src\main\AndroidManifest.xml
9        android:targetSdkVersion="33" />
9-->src\main\AndroidManifest.xml
10
11    <uses-permission android:name="android.permission.INTERNET" />
11-->src\main\AndroidManifest.xml:4:5-5:54
11-->src\main\AndroidManifest.xml:5:9-51
12
13    <application
13-->src\main\AndroidManifest.xml:7:5-31:19
14        android:allowBackup="true"
14-->src\main\AndroidManifest.xml:8:9-35
15        android:appComponentFactory="androidx.core.app.CoreComponentFactory"
15-->[androidx.core:core:1.8.0] AndroidManifest.xml:24:18-86
16        android:dataExtractionRules="@xml/data_extraction_rules"
16-->src\main\AndroidManifest.xml:9:9-65
17        android:debuggable="true"
18        android:extractNativeLibs="false"
19        android:fullBackupContent="@xml/backup_rules"
19-->src\main\AndroidManifest.xml:10:9-54
20        android:icon="@mipmap/ic_launcher"
20-->src\main\AndroidManifest.xml:11:9-43
21        android:label="@string/app_name"
21-->src\main\AndroidManifest.xml:12:9-41
22        android:supportsRtl="true"
22-->src\main\AndroidManifest.xml:13:9-35
23        android:testOnly="true"
24        android:theme="@style/Theme.RecycleViewPilot2" >
24-->src\main\AndroidManifest.xml:14:9-55
25        <activity
25-->src\main\AndroidManifest.xml:16:9-30:20
26            android:name="com.example.recycleviewpilot2.MainActivity"
26-->src\main\AndroidManifest.xml:17:13-41
27            android:exported="true"
27-->src\main\AndroidManifest.xml:18:13-36
28            android:label="@string/app_name"
28-->src\main\AndroidManifest.xml:19:13-45
29            android:theme="@style/Theme.RecycleViewPilot2.NoActionBar" >
29-->src\main\AndroidManifest.xml:20:13-71
30            <intent-filter>
30-->src\main\AndroidManifest.xml:21:13-25:29
31                <action android:name="android.intent.action.MAIN" />
31-->src\main\AndroidManifest.xml:22:17-69
31-->src\main\AndroidManifest.xml:22:25-66
32
33                <category android:name="android.intent.category.LAUNCHER" />
33-->src\main\AndroidManifest.xml:24:17-77
33-->src\main\AndroidManifest.xml:24:27-74
34            </intent-filter>
35
36            <meta-data
36-->src\main\AndroidManifest.xml:27:13-29:36
37                android:name="android.app.lib_name"
37-->src\main\AndroidManifest.xml:28:17-52
38                android:value="" />
38-->src\main\AndroidManifest.xml:29:17-33
39        </activity>
40
41        <uses-library
41-->[androidx.window:window:1.0.0] AndroidManifest.xml:25:9-27:40
42            android:name="androidx.window.extensions"
42-->[androidx.window:window:1.0.0] AndroidManifest.xml:26:13-54
43            android:required="false" />
43-->[androidx.window:window:1.0.0] AndroidManifest.xml:27:13-37
44        <uses-library
44-->[androidx.window:window:1.0.0] AndroidManifest.xml:28:9-30:40
45            android:name="androidx.window.sidecar"
45-->[androidx.window:window:1.0.0] AndroidManifest.xml:29:13-51
46            android:required="false" />
46-->[androidx.window:window:1.0.0] AndroidManifest.xml:30:13-37
47
48        <provider
48-->[androidx.emoji2:emoji2:1.2.0] AndroidManifest.xml:24:9-32:20
49            android:name="androidx.startup.InitializationProvider"
49-->[androidx.emoji2:emoji2:1.2.0] AndroidManifest.xml:25:13-67
50            android:authorities="com.example.recycleviewpilot2.androidx-startup"
50-->[androidx.emoji2:emoji2:1.2.0] AndroidManifest.xml:26:13-68
51            android:exported="false" >
51-->[androidx.emoji2:emoji2:1.2.0] AndroidManifest.xml:27:13-37
52            <meta-data
52-->[androidx.emoji2:emoji2:1.2.0] AndroidManifest.xml:29:13-31:52
53                android:name="androidx.emoji2.text.EmojiCompatInitializer"
53-->[androidx.emoji2:emoji2:1.2.0] AndroidManifest.xml:30:17-75
54                android:value="androidx.startup" />
54-->[androidx.emoji2:emoji2:1.2.0] AndroidManifest.xml:31:17-49
55            <meta-data
55-->[androidx.lifecycle:lifecycle-process:2.4.1] AndroidManifest.xml:31:13-33:52
56                android:name="androidx.lifecycle.ProcessLifecycleInitializer"
56-->[androidx.lifecycle:lifecycle-process:2.4.1] AndroidManifest.xml:32:17-78
57                android:value="androidx.startup" />
57-->[androidx.lifecycle:lifecycle-process:2.4.1] AndroidManifest.xml:33:17-49
58        </provider>
59    </application>
60
61</manifest>